[0.964s] Invoking command in '/home/jetson/ros2_ws/build/px4_autonomy_modules': CMAKE_PREFIX_PATH=/opt/ros/foxy /usr/bin/cmake --build /home/jetson/ros2_ws/build/px4_autonomy_modules -- -j4 -l4
[1.319s] Invoked command in '/home/jetson/ros2_ws/build/px4_autonomy_modules' returned '0': CMAKE_PREFIX_PATH=/opt/ros/foxy /usr/bin/cmake --build /home/jetson/ros2_ws/build/px4_autonomy_modules -- -j4 -l4
[1.364s] Invoking command in '/home/jetson/ros2_ws/build/px4_autonomy_modules': CMAKE_PREFIX_PATH=/opt/ros/foxy /usr/bin/cmake --install /home/jetson/ros2_ws/build/px4_autonomy_modules
[1.396s] -- Install configuration: ""
[1.397s] -- Up-to-date: /home/jetson/ros2_ws/install/px4_autonomy_modules/share/px4_autonomy_modules/launch
[1.399s] -- Up-to-date: /home/jetson/ros2_ws/install/px4_autonomy_modules/share/px4_autonomy_modules/launch/mavros.launch.py
[1.400s] -- Up-to-date: /home/jetson/ros2_ws/install/px4_autonomy_modules/share/px4_autonomy_modules/launch/px4_pluginlists.yaml
[1.400s] -- Up-to-date: /home/jetson/ros2_ws/install/px4_autonomy_modules/share/px4_autonomy_modules/launch/px4_config.yaml
[1.402s] -- Up-to-date: /home/jetson/ros2_ws/install/px4_autonomy_modules/share/ament_index/resource_index/package_run_dependencies/px4_autonomy_modules
[1.402s] -- Up-to-date: /home/jetson/ros2_ws/install/px4_autonomy_modules/share/ament_index/resource_index/parent_prefix_path/px4_autonomy_modules
[1.403s] -- Up-to-date: /home/jetson/ros2_ws/install/px4_autonomy_modules/share/px4_autonomy_modules/environment/ament_prefix_path.sh
[1.404s] -- Up-to-date: /home/jetson/ros2_ws/install/px4_autonomy_modules/share/px4_autonomy_modules/environment/ament_prefix_path.dsv
[1.404s] -- Up-to-date: /home/jetson/ros2_ws/install/px4_autonomy_modules/share/px4_autonomy_modules/environment/path.sh
[1.405s] -- Up-to-date: /home/jetson/ros2_ws/install/px4_autonomy_modules/share/px4_autonomy_modules/environment/path.dsv
[1.405s] -- Up-to-date: /home/jetson/ros2_ws/install/px4_autonomy_modules/share/px4_autonomy_modules/local_setup.bash
[1.406s] -- Up-to-date: /home/jetson/ros2_ws/install/px4_autonomy_modules/share/px4_autonomy_modules/local_setup.sh
[1.406s] -- Up-to-date: /home/jetson/ros2_ws/install/px4_autonomy_modules/share/px4_autonomy_modules/local_setup.zsh
[1.406s] -- Up-to-date: /home/jetson/ros2_ws/install/px4_autonomy_modules/share/px4_autonomy_modules/local_setup.dsv
[1.407s] -- Up-to-date: /home/jetson/ros2_ws/install/px4_autonomy_modules/share/px4_autonomy_modules/package.dsv
[1.407s] -- Up-to-date: /home/jetson/ros2_ws/install/px4_autonomy_modules/share/ament_index/resource_index/packages/px4_autonomy_modules
[1.408s] -- Up-to-date: /home/jetson/ros2_ws/install/px4_autonomy_modules/share/px4_autonomy_modules/cmake/px4_autonomy_modulesConfig.cmake
[1.408s] -- Up-to-date: /home/jetson/ros2_ws/install/px4_autonomy_modules/share/px4_autonomy_modules/cmake/px4_autonomy_modulesConfig-version.cmake
[1.408s] -- Up-to-date: /home/jetson/ros2_ws/install/px4_autonomy_modules/share/px4_autonomy_modules/package.xml
[1.415s] Invoked command in '/home/jetson/ros2_ws/build/px4_autonomy_modules' returned '0': CMAKE_PREFIX_PATH=/opt/ros/foxy /usr/bin/cmake --install /home/jetson/ros2_ws/build/px4_autonomy_modules
