[3.012s] Invoking command in '/home/jetson/ros2_ws/src/drone_control': PYTHONPATH=/home/jetson/ros2_ws/build/drone_control/prefix_override:/usr/lib/python3/dist-packages/colcon_core/task/python/colcon_distutils_commands:/home/jetson/ros2_ws/install/drone_control/lib/python3.8/site-packages:${PYTHONPATH} /usr/bin/python3 -W ignore:setup.py install is deprecated -W ignore:easy_install command is deprecated setup.py egg_info --egg-base ../../build/drone_control build --build-base /home/jetson/ros2_ws/build/drone_control/build install --record /home/jetson/ros2_ws/build/drone_control/install.log --install-scripts $base/lib/drone_control --single-version-externally-managed install_data
[3.954s] running egg_info
[3.957s] writing ../../build/drone_control/drone_control.egg-info/PKG-INFO
[3.958s] writing dependency_links to ../../build/drone_control/drone_control.egg-info/dependency_links.txt
[3.959s] writing entry points to ../../build/drone_control/drone_control.egg-info/entry_points.txt
[3.959s] writing requirements to ../../build/drone_control/drone_control.egg-info/requires.txt
[3.960s] writing top-level names to ../../build/drone_control/drone_control.egg-info/top_level.txt
[4.253s] reading manifest file '../../build/drone_control/drone_control.egg-info/SOURCES.txt'
[4.260s] writing manifest file '../../build/drone_control/drone_control.egg-info/SOURCES.txt'
[4.261s] running build
[4.261s] running build_py
[4.264s] running install
[4.267s] running install_lib
[4.276s] running install_data
[4.277s] running install_egg_info
[4.283s] removing '/home/jetson/ros2_ws/install/drone_control/lib/python3.8/site-packages/drone_control-0.0.0-py3.8.egg-info' (and everything under it)
[4.284s] Copying ../../build/drone_control/drone_control.egg-info to /home/jetson/ros2_ws/install/drone_control/lib/python3.8/site-packages/drone_control-0.0.0-py3.8.egg-info
[4.303s] running install_scripts
[4.373s] Installing apriltag_detector script to /home/jetson/ros2_ws/install/drone_control/lib/drone_control
[4.374s] Installing camera_bridge script to /home/jetson/ros2_ws/install/drone_control/lib/drone_control
[4.374s] Installing comm_node script to /home/jetson/ros2_ws/install/drone_control/lib/drone_control
[4.375s] Installing dummy_vision script to /home/jetson/ros2_ws/install/drone_control/lib/drone_control
[4.375s] Installing flight_controller script to /home/jetson/ros2_ws/install/drone_control/lib/drone_control
[4.375s] Installing imx219_node script to /home/jetson/ros2_ws/install/drone_control/lib/drone_control
[4.376s] Installing vicon_bridge script to /home/jetson/ros2_ws/install/drone_control/lib/drone_control
[4.376s] writing list of installed files to '/home/jetson/ros2_ws/build/drone_control/install.log'
[4.479s] Invoked command in '/home/jetson/ros2_ws/src/drone_control' returned '0': PYTHONPATH=/home/jetson/ros2_ws/build/drone_control/prefix_override:/usr/lib/python3/dist-packages/colcon_core/task/python/colcon_distutils_commands:/home/jetson/ros2_ws/install/drone_control/lib/python3.8/site-packages:${PYTHONPATH} /usr/bin/python3 -W ignore:setup.py install is deprecated -W ignore:easy_install command is deprecated setup.py egg_info --egg-base ../../build/drone_control build --build-base /home/jetson/ros2_ws/build/drone_control/build install --record /home/jetson/ros2_ws/build/drone_control/install.log --install-scripts $base/lib/drone_control --single-version-externally-managed install_data
