[3.215s] Invoking command in '/home/jetson/ros2_ws/src/drone_control': PYTHONPATH=/home/jetson/ros2_ws/build/drone_control/prefix_override:/usr/lib/python3/dist-packages/colcon_core/task/python/colcon_distutils_commands:/home/jetson/ros2_ws/install/drone_control/lib/python3.8/site-packages:${PYTHONPATH} /usr/bin/python3 -W ignore:setup.py install is deprecated -W ignore:easy_install command is deprecated setup.py egg_info --egg-base ../../build/drone_control build --build-base /home/jetson/ros2_ws/build/drone_control/build install --record /home/jetson/ros2_ws/build/drone_control/install.log --install-scripts $base/lib/drone_control --single-version-externally-managed install_data
[4.448s] running egg_info
[4.451s] writing ../../build/drone_control/drone_control.egg-info/PKG-INFO
[4.453s] writing dependency_links to ../../build/drone_control/drone_control.egg-info/dependency_links.txt
[4.454s] writing entry points to ../../build/drone_control/drone_control.egg-info/entry_points.txt
[4.455s] writing requirements to ../../build/drone_control/drone_control.egg-info/requires.txt
[4.457s] writing top-level names to ../../build/drone_control/drone_control.egg-info/top_level.txt
[4.661s] reading manifest file '../../build/drone_control/drone_control.egg-info/SOURCES.txt'
[4.666s] writing manifest file '../../build/drone_control/drone_control.egg-info/SOURCES.txt'
[4.667s] running build
[4.667s] running build_py
[4.668s] copying drone_control/comm_node_land_w_apriltag.py -> /home/jetson/ros2_ws/build/drone_control/build/lib/drone_control
[4.674s] running install
[4.678s] running install_lib
[4.682s] copying /home/jetson/ros2_ws/build/drone_control/build/lib/drone_control/comm_node_land_w_apriltag.py -> /home/jetson/ros2_ws/install/drone_control/lib/python3.8/site-packages/drone_control
[4.687s] byte-compiling /home/jetson/ros2_ws/install/drone_control/lib/python3.8/site-packages/drone_control/comm_node_land_w_apriltag.py to comm_node_land_w_apriltag.cpython-38.pyc
[4.699s] running install_data
[4.701s] running install_egg_info
[4.708s] removing '/home/jetson/ros2_ws/install/drone_control/lib/python3.8/site-packages/drone_control-0.0.0-py3.8.egg-info' (and everything under it)
[4.709s] Copying ../../build/drone_control/drone_control.egg-info to /home/jetson/ros2_ws/install/drone_control/lib/python3.8/site-packages/drone_control-0.0.0-py3.8.egg-info
[4.713s] running install_scripts
[4.791s] Installing apriltag_detector script to /home/jetson/ros2_ws/install/drone_control/lib/drone_control
[4.792s] Installing camera_bridge script to /home/jetson/ros2_ws/install/drone_control/lib/drone_control
[4.793s] Installing comm_node script to /home/jetson/ros2_ws/install/drone_control/lib/drone_control
[4.794s] Installing dummy_vision script to /home/jetson/ros2_ws/install/drone_control/lib/drone_control
[4.794s] Installing flight_controller script to /home/jetson/ros2_ws/install/drone_control/lib/drone_control
[4.794s] Installing imx219_node script to /home/jetson/ros2_ws/install/drone_control/lib/drone_control
[4.795s] Installing vicon_bridge script to /home/jetson/ros2_ws/install/drone_control/lib/drone_control
[4.796s] writing list of installed files to '/home/jetson/ros2_ws/build/drone_control/install.log'
[4.908s] Invoked command in '/home/jetson/ros2_ws/src/drone_control' returned '0': PYTHONPATH=/home/jetson/ros2_ws/build/drone_control/prefix_override:/usr/lib/python3/dist-packages/colcon_core/task/python/colcon_distutils_commands:/home/jetson/ros2_ws/install/drone_control/lib/python3.8/site-packages:${PYTHONPATH} /usr/bin/python3 -W ignore:setup.py install is deprecated -W ignore:easy_install command is deprecated setup.py egg_info --egg-base ../../build/drone_control build --build-base /home/jetson/ros2_ws/build/drone_control/build install --record /home/jetson/ros2_ws/build/drone_control/install.log --install-scripts $base/lib/drone_control --single-version-externally-managed install_data
