/home/jetson/ros2_ws/install/drone_control/lib/python3.8/site-packages/drone_control/comm_node_land_w_apriltag.py
/home/jetson/ros2_ws/install/drone_control/lib/python3.8/site-packages/drone_control/vicon_bridge.py
/home/jetson/ros2_ws/install/drone_control/lib/python3.8/site-packages/drone_control/comm_node_fe3.py
/home/jetson/ros2_ws/install/drone_control/lib/python3.8/site-packages/drone_control/__init__.py
/home/jetson/ros2_ws/install/drone_control/lib/python3.8/site-packages/drone_control/imx219_node.py
/home/jetson/ros2_ws/install/drone_control/lib/python3.8/site-packages/drone_control/flight_controller.py
/home/jetson/ros2_ws/install/drone_control/lib/python3.8/site-packages/drone_control/camera_bridge.py
/home/jetson/ros2_ws/install/drone_control/lib/python3.8/site-packages/drone_control/comm_node.py
/home/jetson/ros2_ws/install/drone_control/lib/python3.8/site-packages/drone_control/realsense_img_logger.py
/home/jetson/ros2_ws/install/drone_control/lib/python3.8/site-packages/drone_control/comm_node_land_w_vicon.py
/home/jetson/ros2_ws/install/drone_control/lib/python3.8/site-packages/drone_control/comm_node_photo_collection.py
/home/jetson/ros2_ws/install/drone_control/lib/python3.8/site-packages/drone_control/apriltag_detector.py
/home/jetson/ros2_ws/install/drone_control/lib/python3.8/site-packages/drone_control/__pycache__/comm_node_land_w_apriltag.cpython-38.pyc
/home/jetson/ros2_ws/install/drone_control/lib/python3.8/site-packages/drone_control/__pycache__/vicon_bridge.cpython-38.pyc
/home/jetson/ros2_ws/install/drone_control/lib/python3.8/site-packages/drone_control/__pycache__/comm_node_fe3.cpython-38.pyc
/home/jetson/ros2_ws/install/drone_control/lib/python3.8/site-packages/drone_control/__pycache__/__init__.cpython-38.pyc
/home/jetson/ros2_ws/install/drone_control/lib/python3.8/site-packages/drone_control/__pycache__/imx219_node.cpython-38.pyc
/home/jetson/ros2_ws/install/drone_control/lib/python3.8/site-packages/drone_control/__pycache__/flight_controller.cpython-38.pyc
/home/jetson/ros2_ws/install/drone_control/lib/python3.8/site-packages/drone_control/__pycache__/camera_bridge.cpython-38.pyc
/home/jetson/ros2_ws/install/drone_control/lib/python3.8/site-packages/drone_control/__pycache__/comm_node.cpython-38.pyc
/home/jetson/ros2_ws/install/drone_control/lib/python3.8/site-packages/drone_control/__pycache__/realsense_img_logger.cpython-38.pyc
/home/jetson/ros2_ws/install/drone_control/lib/python3.8/site-packages/drone_control/__pycache__/comm_node_land_w_vicon.cpython-38.pyc
/home/jetson/ros2_ws/install/drone_control/lib/python3.8/site-packages/drone_control/__pycache__/comm_node_photo_collection.cpython-38.pyc
/home/jetson/ros2_ws/install/drone_control/lib/python3.8/site-packages/drone_control/__pycache__/apriltag_detector.cpython-38.pyc
/home/jetson/ros2_ws/install/drone_control/share/ament_index/resource_index/packages/drone_control
/home/jetson/ros2_ws/install/drone_control/share/drone_control/package.xml
/home/jetson/ros2_ws/install/drone_control/lib/python3.8/site-packages/drone_control-0.0.0-py3.8.egg-info/requires.txt
/home/jetson/ros2_ws/install/drone_control/lib/python3.8/site-packages/drone_control-0.0.0-py3.8.egg-info/entry_points.txt
/home/jetson/ros2_ws/install/drone_control/lib/python3.8/site-packages/drone_control-0.0.0-py3.8.egg-info/SOURCES.txt
/home/jetson/ros2_ws/install/drone_control/lib/python3.8/site-packages/drone_control-0.0.0-py3.8.egg-info/zip-safe
/home/jetson/ros2_ws/install/drone_control/lib/python3.8/site-packages/drone_control-0.0.0-py3.8.egg-info/dependency_links.txt
/home/jetson/ros2_ws/install/drone_control/lib/python3.8/site-packages/drone_control-0.0.0-py3.8.egg-info/top_level.txt
/home/jetson/ros2_ws/install/drone_control/lib/python3.8/site-packages/drone_control-0.0.0-py3.8.egg-info/PKG-INFO
/home/jetson/ros2_ws/install/drone_control/lib/drone_control/apriltag_detector
/home/jetson/ros2_ws/install/drone_control/lib/drone_control/camera_bridge
/home/jetson/ros2_ws/install/drone_control/lib/drone_control/comm_node
/home/jetson/ros2_ws/install/drone_control/lib/drone_control/dummy_vision
/home/jetson/ros2_ws/install/drone_control/lib/drone_control/flight_controller
/home/jetson/ros2_ws/install/drone_control/lib/drone_control/imx219_node
/home/jetson/ros2_ws/install/drone_control/lib/drone_control/vicon_bridge
