[3.132s] Invoking command in '/home/jetson/ros2_ws/src/drone_control': PYTHONPATH=/home/jetson/ros2_ws/build/drone_control/prefix_override:/usr/lib/python3/dist-packages/colcon_core/task/python/colcon_distutils_commands:/home/jetson/ros2_ws/install/drone_control/lib/python3.8/site-packages:${PYTHONPATH} /usr/bin/python3 -W ignore:setup.py install is deprecated -W ignore:easy_install command is deprecated setup.py egg_info --egg-base ../../build/drone_control build --build-base /home/jetson/ros2_ws/build/drone_control/build install --record /home/jetson/ros2_ws/build/drone_control/install.log --install-scripts $base/lib/drone_control --single-version-externally-managed install_data
[4.231s] running egg_info
[4.235s] creating ../../build/drone_control/drone_control.egg-info
[4.235s] writing ../../build/drone_control/drone_control.egg-info/PKG-INFO
[4.236s] writing dependency_links to ../../build/drone_control/drone_control.egg-info/dependency_links.txt
[4.237s] writing entry points to ../../build/drone_control/drone_control.egg-info/entry_points.txt
[4.238s] writing requirements to ../../build/drone_control/drone_control.egg-info/requires.txt
[4.238s] writing top-level names to ../../build/drone_control/drone_control.egg-info/top_level.txt
[4.243s] writing manifest file '../../build/drone_control/drone_control.egg-info/SOURCES.txt'
[4.416s] reading manifest file '../../build/drone_control/drone_control.egg-info/SOURCES.txt'
[4.420s] writing manifest file '../../build/drone_control/drone_control.egg-info/SOURCES.txt'
[4.420s] running build
[4.421s] running build_py
[4.422s] creating /home/jetson/ros2_ws/build/drone_control/build
[4.423s] creating /home/jetson/ros2_ws/build/drone_control/build/lib
[4.423s] creating /home/jetson/ros2_ws/build/drone_control/build/lib/drone_control
[4.424s] copying drone_control/vicon_bridge.py -> /home/jetson/ros2_ws/build/drone_control/build/lib/drone_control
[4.425s] copying drone_control/comm_node_fe3.py -> /home/jetson/ros2_ws/build/drone_control/build/lib/drone_control
[4.426s] copying drone_control/__init__.py -> /home/jetson/ros2_ws/build/drone_control/build/lib/drone_control
[4.426s] copying drone_control/imx219_node.py -> /home/jetson/ros2_ws/build/drone_control/build/lib/drone_control
[4.427s] copying drone_control/flight_controller.py -> /home/jetson/ros2_ws/build/drone_control/build/lib/drone_control
[4.427s] copying drone_control/camera_bridge.py -> /home/jetson/ros2_ws/build/drone_control/build/lib/drone_control
[4.428s] copying drone_control/dummy_vision.py -> /home/jetson/ros2_ws/build/drone_control/build/lib/drone_control
[4.429s] copying drone_control/comm_node.py -> /home/jetson/ros2_ws/build/drone_control/build/lib/drone_control
[4.430s] copying drone_control/realsense_img_logger.py -> /home/jetson/ros2_ws/build/drone_control/build/lib/drone_control
[4.431s] copying drone_control/comm_node_land_w_vicon.py -> /home/jetson/ros2_ws/build/drone_control/build/lib/drone_control
[4.432s] copying drone_control/comm_node_e3.py -> /home/jetson/ros2_ws/build/drone_control/build/lib/drone_control
[4.433s] copying drone_control/comm_node_photo_collection.py -> /home/jetson/ros2_ws/build/drone_control/build/lib/drone_control
[4.434s] copying drone_control/apriltag_detector.py -> /home/jetson/ros2_ws/build/drone_control/build/lib/drone_control
[4.436s] running install
[4.440s] running install_lib
[4.444s] creating /home/jetson/ros2_ws/install/drone_control/lib/python3.8/site-packages/drone_control
[4.445s] copying /home/jetson/ros2_ws/build/drone_control/build/lib/drone_control/vicon_bridge.py -> /home/jetson/ros2_ws/install/drone_control/lib/python3.8/site-packages/drone_control
[4.445s] copying /home/jetson/ros2_ws/build/drone_control/build/lib/drone_control/comm_node_fe3.py -> /home/jetson/ros2_ws/install/drone_control/lib/python3.8/site-packages/drone_control
[4.446s] copying /home/jetson/ros2_ws/build/drone_control/build/lib/drone_control/__init__.py -> /home/jetson/ros2_ws/install/drone_control/lib/python3.8/site-packages/drone_control
[4.446s] copying /home/jetson/ros2_ws/build/drone_control/build/lib/drone_control/imx219_node.py -> /home/jetson/ros2_ws/install/drone_control/lib/python3.8/site-packages/drone_control
[4.447s] copying /home/jetson/ros2_ws/build/drone_control/build/lib/drone_control/flight_controller.py -> /home/jetson/ros2_ws/install/drone_control/lib/python3.8/site-packages/drone_control
[4.447s] copying /home/jetson/ros2_ws/build/drone_control/build/lib/drone_control/camera_bridge.py -> /home/jetson/ros2_ws/install/drone_control/lib/python3.8/site-packages/drone_control
[4.448s] copying /home/jetson/ros2_ws/build/drone_control/build/lib/drone_control/dummy_vision.py -> /home/jetson/ros2_ws/install/drone_control/lib/python3.8/site-packages/drone_control
[4.450s] copying /home/jetson/ros2_ws/build/drone_control/build/lib/drone_control/comm_node.py -> /home/jetson/ros2_ws/install/drone_control/lib/python3.8/site-packages/drone_control
[4.451s] copying /home/jetson/ros2_ws/build/drone_control/build/lib/drone_control/realsense_img_logger.py -> /home/jetson/ros2_ws/install/drone_control/lib/python3.8/site-packages/drone_control
[4.451s] copying /home/jetson/ros2_ws/build/drone_control/build/lib/drone_control/comm_node_land_w_vicon.py -> /home/jetson/ros2_ws/install/drone_control/lib/python3.8/site-packages/drone_control
[4.452s] copying /home/jetson/ros2_ws/build/drone_control/build/lib/drone_control/comm_node_e3.py -> /home/jetson/ros2_ws/install/drone_control/lib/python3.8/site-packages/drone_control
[4.452s] copying /home/jetson/ros2_ws/build/drone_control/build/lib/drone_control/comm_node_photo_collection.py -> /home/jetson/ros2_ws/install/drone_control/lib/python3.8/site-packages/drone_control
[4.453s] copying /home/jetson/ros2_ws/build/drone_control/build/lib/drone_control/apriltag_detector.py -> /home/jetson/ros2_ws/install/drone_control/lib/python3.8/site-packages/drone_control
[4.454s] byte-compiling /home/jetson/ros2_ws/install/drone_control/lib/python3.8/site-packages/drone_control/vicon_bridge.py to vicon_bridge.cpython-38.pyc
[4.460s] byte-compiling /home/jetson/ros2_ws/install/drone_control/lib/python3.8/site-packages/drone_control/comm_node_fe3.py to comm_node_fe3.cpython-38.pyc
[4.469s] byte-compiling /home/jetson/ros2_ws/install/drone_control/lib/python3.8/site-packages/drone_control/__init__.py to __init__.cpython-38.pyc
[4.470s] byte-compiling /home/jetson/ros2_ws/install/drone_control/lib/python3.8/site-packages/drone_control/imx219_node.py to imx219_node.cpython-38.pyc
[4.472s] byte-compiling /home/jetson/ros2_ws/install/drone_control/lib/python3.8/site-packages/drone_control/flight_controller.py to flight_controller.cpython-38.pyc
[4.476s] byte-compiling /home/jetson/ros2_ws/install/drone_control/lib/python3.8/site-packages/drone_control/camera_bridge.py to camera_bridge.cpython-38.pyc
[4.477s] byte-compiling /home/jetson/ros2_ws/install/drone_control/lib/python3.8/site-packages/drone_control/dummy_vision.py to dummy_vision.cpython-38.pyc
[4.480s] byte-compiling /home/jetson/ros2_ws/install/drone_control/lib/python3.8/site-packages/drone_control/comm_node.py to comm_node.cpython-38.pyc
[4.488s] byte-compiling /home/jetson/ros2_ws/install/drone_control/lib/python3.8/site-packages/drone_control/realsense_img_logger.py to realsense_img_logger.cpython-38.pyc
[4.490s] byte-compiling /home/jetson/ros2_ws/install/drone_control/lib/python3.8/site-packages/drone_control/comm_node_land_w_vicon.py to comm_node_land_w_vicon.cpython-38.pyc
[4.499s] byte-compiling /home/jetson/ros2_ws/install/drone_control/lib/python3.8/site-packages/drone_control/comm_node_e3.py to comm_node_e3.cpython-38.pyc
[4.505s] byte-compiling /home/jetson/ros2_ws/install/drone_control/lib/python3.8/site-packages/drone_control/comm_node_photo_collection.py to comm_node_photo_collection.cpython-38.pyc
[4.510s] byte-compiling /home/jetson/ros2_ws/install/drone_control/lib/python3.8/site-packages/drone_control/apriltag_detector.py to apriltag_detector.cpython-38.pyc
[4.512s] running install_data
[4.513s] creating /home/jetson/ros2_ws/install/drone_control/share/ament_index
[4.514s] creating /home/jetson/ros2_ws/install/drone_control/share/ament_index/resource_index
[4.514s] creating /home/jetson/ros2_ws/install/drone_control/share/ament_index/resource_index/packages
[4.514s] copying resource/drone_control -> /home/jetson/ros2_ws/install/drone_control/share/ament_index/resource_index/packages
[4.515s] copying package.xml -> /home/jetson/ros2_ws/install/drone_control/share/drone_control
[4.515s] running install_egg_info
[4.525s] Copying ../../build/drone_control/drone_control.egg-info to /home/jetson/ros2_ws/install/drone_control/lib/python3.8/site-packages/drone_control-0.0.0-py3.8.egg-info
[4.529s] running install_scripts
[4.608s] Installing apriltag_detector script to /home/jetson/ros2_ws/install/drone_control/lib/drone_control
[4.609s] Installing camera_bridge script to /home/jetson/ros2_ws/install/drone_control/lib/drone_control
[4.610s] Installing comm_node script to /home/jetson/ros2_ws/install/drone_control/lib/drone_control
[4.610s] Installing dummy_vision script to /home/jetson/ros2_ws/install/drone_control/lib/drone_control
[4.611s] Installing flight_controller script to /home/jetson/ros2_ws/install/drone_control/lib/drone_control
[4.611s] Installing imx219_node script to /home/jetson/ros2_ws/install/drone_control/lib/drone_control
[4.612s] Installing vicon_bridge script to /home/jetson/ros2_ws/install/drone_control/lib/drone_control
[4.613s] writing list of installed files to '/home/jetson/ros2_ws/build/drone_control/install.log'
[4.723s] Invoked command in '/home/jetson/ros2_ws/src/drone_control' returned '0': PYTHONPATH=/home/jetson/ros2_ws/build/drone_control/prefix_override:/usr/lib/python3/dist-packages/colcon_core/task/python/colcon_distutils_commands:/home/jetson/ros2_ws/install/drone_control/lib/python3.8/site-packages:${PYTHONPATH} /usr/bin/python3 -W ignore:setup.py install is deprecated -W ignore:easy_install command is deprecated setup.py egg_info --egg-base ../../build/drone_control build --build-base /home/jetson/ros2_ws/build/drone_control/build install --record /home/jetson/ros2_ws/build/drone_control/install.log --install-scripts $base/lib/drone_control --single-version-externally-managed install_data
